{"timestamp":"2026-04-19T09:58:20.186Z","method":"POST","url":"/api/v9/change-member-profile-by-user","params":{},"query":{},"body":{"name":"","email":"","mobile":"","wallet_address":"sss","newPass":"","oldPass":""},"status":201,"ip":"::ffff:10.101.61.100"}
{"timestamp":"2026-04-19T10:01:10.041Z","method":"GET","url":"/api/v9/member-profile-details","params":{},"query":{},"body":{},"status":200,"ip":"::ffff:10.101.61.100"}
{"timestamp":"2026-04-19T10:07:23.100Z","method":"GET","url":"/api/v9/sadjkbdsajfhlsjkdf/member-profile-details","params":{},"query":{},"body":{},"status":200,"ip":"::ffff:10.101.61.100"}
{"timestamp":"2026-04-19T10:09:06.240Z","method":"POST","url":"/api/v9/sadjkbdsajfhlsjkdf/member-dapp-log-reg-with-dapp","params":{},"query":{},"body":{"payload":"U2FsdGVkX1+Nt5DbX65TtJSd8vqjo0kLNP+ubutS0N6U6zBsPnXUbQKpJ2Y2jgEJe7HTT8+IJYRIWnHBjmVLOlHXifZsCuvStCTXeBkZybOvrksf3QHYgDieYSfmsXXk8t8lLeXwNuX8tba3gvBnmQ=="},"status":200,"ip":"::ffff:10.101.61.100"}
{"timestamp":"2026-04-19T10:17:49.289Z","method":"POST","url":"/api/v9/sadjkbdsajfhlsjkdf/member-dapp-log-reg-with-dapp","params":{},"query":{},"body":{"payload":"U2FsdGVkX19DjvAfQmQX2uSKCAQg+j7OFCZho3SNEknReMM19tHBCw3MJ8cC8aQkbyX2r7cdPNtyRwwaSiT70JbCTN4E4zOmOUum/kI41jbBM2STvmWZ3QG58oMBWuNfPLV5GbcfZ4VtiO1/maCk5g=="},"status":200,"ip":"::ffff:10.101.61.100"}
{"timestamp":"2026-04-19T10:17:51.754Z","method":"GET","url":"/api/v9/sadjkbdsajfhlsjkdf/get-news-and-updates","params":{},"query":{},"body":{},"status":200,"ip":"::ffff:10.101.61.100"}
{"timestamp":"2026-04-19T10:17:51.760Z","method":"GET","url":"/api/v9/sadjkbdsajfhlsjkdf/member-dashboard-details","params":{},"query":{},"body":{},"status":200,"ip":"::ffff:10.101.61.100"}
{"timestamp":"2026-04-19T10:17:51.770Z","method":"GET","url":"/api/v9/sadjkbdsajfhlsjkdf/member-profile-details","params":{},"query":{},"body":{},"status":200,"ip":"::ffff:10.101.61.100"}
{"timestamp":"2026-04-19T10:17:51.876Z","method":"GET","url":"/api/v9/sadjkbdsajfhlsjkdf/member-dashboard-business","params":{},"query":{},"body":{},"status":200,"ip":"::ffff:10.101.61.100"}
{"timestamp":"2026-04-19T10:17:51.966Z","method":"GET","url":"/api/v9/sadjkbdsajfhlsjkdf/member-profile-details","params":{},"query":{},"body":{},"status":304,"ip":"::ffff:10.101.61.100"}
{"timestamp":"2026-04-19T10:17:57.947Z","method":"GET","url":"/api/v9/sadjkbdsajfhlsjkdf/get-master-data","params":{},"query":{},"body":{},"status":200,"ip":"::ffff:10.101.61.100"}
{"timestamp":"2026-04-19T10:18:16.691Z","method":"GET","url":"/api/v9/sadjkbdsajfhlsjkdf/get-master-data","params":{},"query":{},"body":{},"status":304,"ip":"::ffff:10.101.61.100"}
{"timestamp":"2026-04-20T05:23:50.756Z","method":"GET","url":"/api/v9/sadjkbdsajfhlsjkdf/get-admin-dashboard","params":{},"query":{},"body":{},"status":201,"ip":"::1"}
{"timestamp":"2026-04-20T05:24:23.638Z","method":"GET","url":"/api/v9/sadjkbdsajfhlsjkdf/get-admin-dashboard","params":{},"query":{},"body":{},"status":201,"ip":"::1"}
{"timestamp":"2026-04-20T05:24:34.021Z","method":"GET","url":"/api/v9/sadjkbdsajfhlsjkdf/get-admin-dashboard","params":{},"query":{},"body":{},"status":201,"ip":"::1"}
{"timestamp":"2026-04-20T05:25:14.526Z","method":"POST","url":"/api/v9/sadjkbdsajfhlsjkdf/admin-login","params":{},"query":{},"body":{"username":"pratham@gmail.com","password":"P123n"},"status":500,"ip":"::1"}
{"timestamp":"2026-04-20T05:25:18.191Z","method":"POST","url":"/api/v9/sadjkbdsajfhlsjkdf/admin-login","params":{},"query":{},"body":{"username":"pratham@gmail.com","password":"P123n"},"status":500,"ip":"::1"}
{"timestamp":"2026-04-20T05:25:43.551Z","method":"POST","url":"/api/v9/sadjkbdsajfhlsjkdf/admin-login","params":{},"query":{},"body":{"username":"pratham@gmail.com","password":"P123n"},"status":500,"ip":"::1"}
{"timestamp":"2026-04-20T05:26:25.875Z","method":"POST","url":"/api/v9/sadjkbdsajfhlsjkdf/admin-login","params":{},"query":{},"body":{"username":"pratham@gmail.com","password":"P123n"},"status":500,"ip":"::1"}
{"timestamp":"2026-04-20T05:27:04.106Z","method":"POST","url":"/api/v9/sadjkbdsajfhlsjkdf/admin-login","params":{},"query":{},"body":{"username":"pratham@gmail.com","password":"P123n"},"status":500,"ip":"::1"}
{"timestamp":"2026-04-20T05:27:06.299Z","method":"POST","url":"/api/v9/sadjkbdsajfhlsjkdf/admin-login","params":{},"query":{},"body":{"username":"pratham@gmail.com","password":"P123n"},"status":500,"ip":"::1"}
{"timestamp":"2026-04-20T05:33:53.090Z","method":"POST","url":"/api/v9/sadjkbdsajfhlsjkdf/member-details","params":{},"query":{},"body":{"search":"","created_at":"","updated_at":"","page":1,"count":10},"status":201,"ip":"::1"}
{"timestamp":"2026-04-20T05:33:55.859Z","method":"POST","url":"/api/v9/sadjkbdsajfhlsjkdf/member-details","params":{},"query":{},"body":{"search":"","created_at":"","updated_at":"","page":1,"count":10},"status":201,"ip":"::1"}
{"timestamp":"2026-04-20T05:33:58.104Z","method":"POST","url":"/api/v9/sadjkbdsajfhlsjkdf/get-trade-pair","params":{},"query":{},"body":{"search":"","created_at":"","updated_at":"","page":1,"count":"10"},"status":201,"ip":"::1"}
{"timestamp":"2026-04-20T05:33:58.930Z","method":"GET","url":"/api/v9/sadjkbdsajfhlsjkdf/get-master-data","params":{},"query":{},"body":{},"status":201,"ip":"::1"}
{"timestamp":"2026-04-20T05:33:59.621Z","method":"GET","url":"/api/v9/sadjkbdsajfhlsjkdf/get-admin-dashboard","params":{},"query":{},"body":{},"status":201,"ip":"::1"}
{"timestamp":"2026-04-20T05:34:12.658Z","method":"GET","url":"/api/v9/sadjkbdsajfhlsjkdf/get-admin-dashboard","params":{},"query":{},"body":{},"status":201,"ip":"::1"}
{"timestamp":"2026-04-20T05:34:38.953Z","method":"POST","url":"/api/v9/sadjkbdsajfhlsjkdf/admin-login","params":{},"query":{},"body":{"username":"pratham@gmail.com","password":"P123n"},"status":500,"ip":"::1"}
{"timestamp":"2026-04-20T05:34:40.014Z","method":"POST","url":"/api/v9/sadjkbdsajfhlsjkdf/admin-login","params":{},"query":{},"body":{"username":"pratham@gmail.com","password":"P123n"},"status":500,"ip":"::1"}
{"timestamp":"2026-04-20T05:34:40.809Z","method":"POST","url":"/api/v9/sadjkbdsajfhlsjkdf/admin-login","params":{},"query":{},"body":{"username":"pratham@gmail.com","password":"P123n"},"status":500,"ip":"::1"}
{"timestamp":"2026-04-20T05:34:42.164Z","method":"POST","url":"/api/v9/sadjkbdsajfhlsjkdf/admin-login","params":{},"query":{},"body":{"username":"pratham@gmail.com","password":"P123n"},"status":500,"ip":"::1"}
{"timestamp":"2026-04-20T05:35:12.284Z","method":"POST","url":"/api/v9/sadjkbdsajfhlsjkdf/admin-login","params":{},"query":{},"body":{"username":"pratham@gmail.com","password":"P123n"},"status":500,"ip":"::1"}
{"timestamp":"2026-04-20T05:35:12.969Z","method":"POST","url":"/api/v9/sadjkbdsajfhlsjkdf/admin-login","params":{},"query":{},"body":{"username":"pratham@gmail.com","password":"P123n"},"status":500,"ip":"::1"}
{"timestamp":"2026-04-20T05:35:30.556Z","method":"POST","url":"/api/v9/sadjkbdsajfhlsjkdf/admin-login","params":{},"query":{},"body":{"username":"pratham@gmail.com","password":"P123n"},"status":500,"ip":"::1"}
{"timestamp":"2026-04-20T05:35:31.214Z","method":"POST","url":"/api/v9/sadjkbdsajfhlsjkdf/admin-login","params":{},"query":{},"body":{"username":"pratham@gmail.com","password":"P123n"},"status":500,"ip":"::1"}
{"timestamp":"2026-04-20T05:35:31.584Z","method":"POST","url":"/api/v9/sadjkbdsajfhlsjkdf/admin-login","params":{},"query":{},"body":{"username":"pratham@gmail.com","password":"P123n"},"status":500,"ip":"::1"}
{"timestamp":"2026-04-20T05:35:38.711Z","method":"POST","url":"/api/v9/sadjkbdsajfhlsjkdf/admin-login","params":{},"query":{},"body":{"username":"pratham@gmail.com","password":"P123n"},"status":500,"ip":"::1"}
{"timestamp":"2026-04-20T05:37:55.558Z","method":"POST","url":"/api/v9/sadjkbdsajfhlsjkdf/admin-login","params":{},"query":{},"body":{"username":"pratham@gmail.com","password":"P123n"},"status":500,"ip":"::1"}
{"timestamp":"2026-04-20T05:37:56.406Z","method":"POST","url":"/api/v9/sadjkbdsajfhlsjkdf/admin-login","params":{},"query":{},"body":{"username":"pratham@gmail.com","password":"P123n"},"status":500,"ip":"::1"}
{"timestamp":"2026-04-20T05:38:04.220Z","method":"POST","url":"/api/v9/sadjkbdsajfhlsjkdf/admin-login","params":{},"query":{},"body":{"username":"pratham@gmail.com","password":"P123n"},"status":500,"ip":"::1"}
{"timestamp":"2026-04-20T05:39:47.438Z","method":"POST","url":"/api/v9/sadjkbdsajfhlsjkdf/admin-login","params":{},"query":{},"body":{"username":"pratham@gmail.com","password":"P123n"},"status":500,"ip":"::1"}
{"timestamp":"2026-04-20T05:39:48.488Z","method":"POST","url":"/api/v9/sadjkbdsajfhlsjkdf/admin-login","params":{},"query":{},"body":{"username":"pratham@gmail.com","password":"P123n"},"status":500,"ip":"::1"}
{"timestamp":"2026-04-20T05:39:49.554Z","method":"POST","url":"/api/v9/sadjkbdsajfhlsjkdf/admin-login","params":{},"query":{},"body":{"username":"pratham@gmail.com","password":"P123n"},"status":500,"ip":"::1"}
{"timestamp":"2026-04-20T05:41:22.233Z","method":"POST","url":"/api/v9/sadjkbdsajfhlsjkdf/member-details","params":{},"query":{},"body":{"search":"","created_at":"","updated_at":"","page":1,"count":10},"status":201,"ip":"::1"}
{"timestamp":"2026-04-20T05:42:30.906Z","method":"POST","url":"/api/v9/sadjkbdsajfhlsjkdf/member-details","params":{},"query":{},"body":{"search":"","created_at":"","updated_at":"","page":1,"count":10},"status":201,"ip":"::1"}
{"timestamp":"2026-04-20T05:42:46.689Z","method":"POST","url":"/api/v9/sadjkbdsajfhlsjkdf/member-dapp-log-reg-with-dapp","params":{},"query":{},"body":{"payload":"U2FsdGVkX18Fhd50P0aj9QWpJjousVmrNRo40NBv+7RFmXHxWQcMYI4WXgPRtkdwv1ap/6vK1QC8+5YeZ0u9thiEdGlDfXrObcFqadCyFdAUZgCAZ5tiPLKqhcLwsp+W65PAAxTHBIKMQfMdMiQIhg=="},"status":500,"ip":"::1"}
{"timestamp":"2026-04-20T05:46:24.469Z","method":"POST","url":"/api/v9/sadjkbdsajfhlsjkdf/member-dapp-log-reg-with-dapp","params":{},"query":{},"body":{"payload":"U2FsdGVkX1/6u/6bi2TQy04x+4FMCzdWIFwtql3BCAnEmIe2fDbIXJ8RWz0GioiBa6dy/ouyEk6V8GquzHb0a5AqqDHB9GEjOi90P00uMbaGRTdR0SWBv0tJ1oYuxjbthNtoHDdzKVnu2ppOvysL6A=="},"status":200,"ip":"::1"}
{"timestamp":"2026-04-20T05:46:27.011Z","method":"GET","url":"/api/v9/sadjkbdsajfhlsjkdf/get-news-and-updates","params":{},"query":{},"body":{},"status":200,"ip":"::1"}
{"timestamp":"2026-04-20T05:46:27.056Z","method":"GET","url":"/api/v9/sadjkbdsajfhlsjkdf/member-profile-details","params":{},"query":{},"body":{},"status":200,"ip":"::1"}
{"timestamp":"2026-04-20T05:46:27.090Z","method":"GET","url":"/api/v9/sadjkbdsajfhlsjkdf/member-dashboard-details","params":{},"query":{},"body":{},"status":200,"ip":"::1"}
{"timestamp":"2026-04-20T05:46:27.094Z","method":"GET","url":"/api/v9/sadjkbdsajfhlsjkdf/member-dashboard-business","params":{},"query":{},"body":{},"status":200,"ip":"::1"}
{"timestamp":"2026-04-20T05:46:27.230Z","method":"GET","url":"/api/v9/sadjkbdsajfhlsjkdf/member-profile-details","params":{},"query":{},"body":{},"status":304,"ip":"::1"}
{"timestamp":"2026-04-20T05:47:20.794Z","method":"POST","url":"/api/v9/sadjkbdsajfhlsjkdf/admin-login","params":{},"query":{},"body":{"username":"pratham@gmail.com","password":"P123n"},"status":200,"ip":"::1"}
{"timestamp":"2026-04-20T05:47:21.597Z","method":"GET","url":"/api/v9/sadjkbdsajfhlsjkdf/get-admin-dashboard","params":{},"query":{},"body":{},"status":200,"ip":"::1"}
{"timestamp":"2026-04-20T05:47:32.470Z","method":"POST","url":"/api/v9/sadjkbdsajfhlsjkdf/member-details","params":{},"query":{},"body":{"search":"","created_at":"","updated_at":"","page":1,"count":10},"status":200,"ip":"::1"}
{"timestamp":"2026-04-20T05:50:35.534Z","method":"POST","url":"/api/v9/sadjkbdsajfhlsjkdf/member-dapp-log-reg-with-dapp","params":{},"query":{},"body":{"payload":"U2FsdGVkX19SHEYXWBBpoLOseyaIap9n2t/Y4Fm/vQPnl/UdyMWegroHORzexNZ80l7o9aLILj2fs1ZdEsFnol6IDDuLU3O67APFGyufzvjBN7n5LhMmw+APq3FedD8sVSYYZ3t4Q6Q2rIhvWXHdoQ=="},"status":200,"ip":"::1"}
{"timestamp":"2026-04-20T05:50:39.052Z","method":"GET","url":"/api/v9/sadjkbdsajfhlsjkdf/get-news-and-updates","params":{},"query":{},"body":{},"status":304,"ip":"::1"}
{"timestamp":"2026-04-20T05:50:39.084Z","method":"GET","url":"/api/v9/sadjkbdsajfhlsjkdf/member-profile-details","params":{},"query":{},"body":{},"status":200,"ip":"::1"}
{"timestamp":"2026-04-20T05:50:39.096Z","method":"GET","url":"/api/v9/sadjkbdsajfhlsjkdf/member-dashboard-details","params":{},"query":{},"body":{},"status":304,"ip":"::1"}
{"timestamp":"2026-04-20T05:50:39.112Z","method":"GET","url":"/api/v9/sadjkbdsajfhlsjkdf/member-dashboard-business","params":{},"query":{},"body":{},"status":304,"ip":"::1"}
{"timestamp":"2026-04-20T05:50:39.191Z","method":"GET","url":"/api/v9/sadjkbdsajfhlsjkdf/member-profile-details","params":{},"query":{},"body":{},"status":304,"ip":"::1"}
{"timestamp":"2026-04-20T05:53:26.435Z","method":"POST","url":"/api/v9/sadjkbdsajfhlsjkdf/member-details","params":{},"query":{},"body":{"search":"","created_at":"","updated_at":"","page":1,"count":10},"status":201,"ip":"::1"}
{"timestamp":"2026-04-20T05:53:55.576Z","method":"POST","url":"/api/v9/sadjkbdsajfhlsjkdf/admin-login","params":{},"query":{},"body":{"username":"prathm@gmail.com","password":"P123n"},"status":201,"ip":"::1"}
{"timestamp":"2026-04-20T05:54:07.812Z","method":"POST","url":"/api/v9/sadjkbdsajfhlsjkdf/admin-login","params":{},"query":{},"body":{"username":"pratham@gmail.com","password":"P123n"},"status":200,"ip":"::1"}
{"timestamp":"2026-04-20T05:54:08.796Z","method":"GET","url":"/api/v9/sadjkbdsajfhlsjkdf/get-admin-dashboard","params":{},"query":{},"body":{},"status":304,"ip":"::1"}
{"timestamp":"2026-04-20T05:54:12.721Z","method":"POST","url":"/api/v9/sadjkbdsajfhlsjkdf/member-details","params":{},"query":{},"body":{"search":"","created_at":"","updated_at":"","page":1,"count":10},"status":200,"ip":"::1"}
{"timestamp":"2026-04-20T05:54:19.198Z","method":"POST","url":"/api/v9/sadjkbdsajfhlsjkdf/member-details","params":{},"query":{},"body":{"search":"","created_at":"","updated_at":"","page":1,"count":10},"status":200,"ip":"::1"}
{"timestamp":"2026-04-20T05:58:21.643Z","method":"POST","url":"/api/v9/sadjkbdsajfhlsjkdf/member-dapp-log-reg-with-dapp","params":{},"query":{},"body":{"payload":"U2FsdGVkX18iTy++i64jiHJ+/2WGJLulw3GcXjS8Ccz3ZvzLb8OlgAPd2kShR/pmY5jhLf68+ptNTePYVgqIINh8ahVl/R5mLePOx2y+HeSi/uP363rmzymrygvIUrWQ8/Kv/KQwXFB3jgZhQUWZRA=="},"status":200,"ip":"::1"}
{"timestamp":"2026-04-20T05:58:24.141Z","method":"GET","url":"/api/v9/sadjkbdsajfhlsjkdf/get-news-and-updates","params":{},"query":{},"body":{},"status":304,"ip":"::1"}
{"timestamp":"2026-04-20T05:58:24.199Z","method":"GET","url":"/api/v9/sadjkbdsajfhlsjkdf/member-profile-details","params":{},"query":{},"body":{},"status":200,"ip":"::1"}
{"timestamp":"2026-04-20T05:58:24.209Z","method":"GET","url":"/api/v9/sadjkbdsajfhlsjkdf/member-dashboard-business","params":{},"query":{},"body":{},"status":304,"ip":"::1"}
{"timestamp":"2026-04-20T05:58:24.213Z","method":"GET","url":"/api/v9/sadjkbdsajfhlsjkdf/member-dashboard-details","params":{},"query":{},"body":{},"status":304,"ip":"::1"}
{"timestamp":"2026-04-20T05:58:24.317Z","method":"GET","url":"/api/v9/sadjkbdsajfhlsjkdf/member-profile-details","params":{},"query":{},"body":{},"status":304,"ip":"::1"}
{"timestamp":"2026-04-20T06:06:12.924Z","method":"POST","url":"/api/v9/sadjkbdsajfhlsjkdf/admin-login","params":{},"query":{},"body":{"username":"pratham@gmail.com","password":"P123n"},"status":200,"ip":"::1"}
{"timestamp":"2026-04-20T06:06:20.362Z","method":"GET","url":"/api/v9/sadjkbdsajfhlsjkdf/get-admin-dashboard","params":{},"query":{},"body":{},"status":304,"ip":"::1"}
{"timestamp":"2026-04-20T06:06:28.054Z","method":"POST","url":"/api/v9/sadjkbdsajfhlsjkdf/member-details","params":{},"query":{},"body":{"search":"","created_at":"","updated_at":"","page":1,"count":10},"status":200,"ip":"::1"}
{"timestamp":"2026-04-20T06:07:11.269Z","method":"POST","url":"/api/v9/sadjkbdsajfhlsjkdf/member-details","params":{},"query":{},"body":{"search":"","created_at":"","updated_at":"","page":1,"count":100},"status":200,"ip":"::1"}
{"timestamp":"2026-04-20T06:07:24.319Z","method":"POST","url":"/api/v9/sadjkbdsajfhlsjkdf/member-details","params":{},"query":{},"body":{"search":"","created_at":"","updated_at":"","page":2,"count":100},"status":200,"ip":"::1"}
{"timestamp":"2026-04-20T06:15:13.623Z","method":"POST","url":"/api/v9/sadjkbdsajfhlsjkdf/member-dapp-log-reg-with-dapp","params":{},"query":{},"body":{"payload":"U2FsdGVkX18/WEGbaoh3UFGFVBqqCtTRmbiwQUJBFQx0ZSZvYc7C0/qw9a2U9lXix2l0Npk4mqJWru3WWH4TnoMFisLhCED2zRnifyaygj+hAG3W868pwzKPvCmI+ZIBSNiEgP1NWH5jcPXAGAJX7w=="},"status":200,"ip":"::1"}
{"timestamp":"2026-04-20T06:15:20.741Z","method":"GET","url":"/api/v9/sadjkbdsajfhlsjkdf/get-news-and-updates","params":{},"query":{},"body":{},"status":304,"ip":"::1"}
{"timestamp":"2026-04-20T06:15:20.788Z","method":"GET","url":"/api/v9/sadjkbdsajfhlsjkdf/member-profile-details","params":{},"query":{},"body":{},"status":200,"ip":"::1"}
{"timestamp":"2026-04-20T06:15:20.796Z","method":"GET","url":"/api/v9/sadjkbdsajfhlsjkdf/member-dashboard-details","params":{},"query":{},"body":{},"status":304,"ip":"::1"}
{"timestamp":"2026-04-20T06:15:20.835Z","method":"GET","url":"/api/v9/sadjkbdsajfhlsjkdf/member-dashboard-business","params":{},"query":{},"body":{},"status":304,"ip":"::1"}
{"timestamp":"2026-04-20T06:15:20.917Z","method":"GET","url":"/api/v9/sadjkbdsajfhlsjkdf/member-profile-details","params":{},"query":{},"body":{},"status":304,"ip":"::1"}
{"timestamp":"2026-04-20T06:16:08.791Z","method":"GET","url":"/api/v9/sadjkbdsajfhlsjkdf/get-news-and-updates","params":{},"query":{},"body":{},"status":304,"ip":"::1"}
{"timestamp":"2026-04-20T06:16:08.795Z","method":"GET","url":"/api/v9/sadjkbdsajfhlsjkdf/member-profile-details","params":{},"query":{},"body":{},"status":304,"ip":"::1"}
{"timestamp":"2026-04-20T06:16:08.814Z","method":"GET","url":"/api/v9/sadjkbdsajfhlsjkdf/member-dashboard-business","params":{},"query":{},"body":{},"status":304,"ip":"::1"}
{"timestamp":"2026-04-20T06:16:08.817Z","method":"GET","url":"/api/v9/sadjkbdsajfhlsjkdf/member-dashboard-details","params":{},"query":{},"body":{},"status":304,"ip":"::1"}
{"timestamp":"2026-04-20T06:16:08.951Z","method":"GET","url":"/api/v9/sadjkbdsajfhlsjkdf/member-profile-details","params":{},"query":{},"body":{},"status":304,"ip":"::1"}
{"timestamp":"2026-04-20T06:16:12.919Z","method":"POST","url":"/api/v9/sadjkbdsajfhlsjkdf/member-details","params":{},"query":{},"body":{"search":"","created_at":"","updated_at":"","page":1,"count":10},"status":201,"ip":"::1"}
{"timestamp":"2026-04-20T06:16:29.385Z","method":"POST","url":"/api/v9/sadjkbdsajfhlsjkdf/member-dapp-log-reg-with-dapp","params":{},"query":{},"body":{"payload":"U2FsdGVkX18WwI9k+O4t8afIpW3xv9uleetkC9vGsJLD9ii0K2JFLgAVZIWPOIk1Yqd8XJqEb+fo5FcbqbX0H0F66gDoiLPgkIGptmlQbdg14Um6RHpk3xkA7DIW/fI+CSXEkP1DT3FdsBEgcb5ciA=="},"status":200,"ip":"::1"}
{"timestamp":"2026-04-20T06:16:32.242Z","method":"GET","url":"/api/v9/sadjkbdsajfhlsjkdf/get-news-and-updates","params":{},"query":{},"body":{},"status":304,"ip":"::1"}
{"timestamp":"2026-04-20T06:16:32.264Z","method":"GET","url":"/api/v9/sadjkbdsajfhlsjkdf/member-profile-details","params":{},"query":{},"body":{},"status":200,"ip":"::1"}
{"timestamp":"2026-04-20T06:16:32.284Z","method":"GET","url":"/api/v9/sadjkbdsajfhlsjkdf/member-dashboard-details","params":{},"query":{},"body":{},"status":304,"ip":"::1"}
{"timestamp":"2026-04-20T06:16:32.308Z","method":"GET","url":"/api/v9/sadjkbdsajfhlsjkdf/member-dashboard-business","params":{},"query":{},"body":{},"status":304,"ip":"::1"}
{"timestamp":"2026-04-20T06:16:32.374Z","method":"GET","url":"/api/v9/sadjkbdsajfhlsjkdf/member-profile-details","params":{},"query":{},"body":{},"status":304,"ip":"::1"}
{"timestamp":"2026-04-20T06:16:53.213Z","method":"POST","url":"/api/v9/sadjkbdsajfhlsjkdf/admin-login","params":{},"query":{},"body":{"username":"pratham@gmail.com","password":"P123n"},"status":200,"ip":"::1"}
{"timestamp":"2026-04-20T06:16:53.703Z","method":"GET","url":"/api/v9/sadjkbdsajfhlsjkdf/get-admin-dashboard","params":{},"query":{},"body":{},"status":304,"ip":"::1"}
{"timestamp":"2026-04-20T06:17:42.621Z","method":"POST","url":"/api/v9/sadjkbdsajfhlsjkdf/member-details","params":{},"query":{},"body":{"search":"","created_at":"","updated_at":"","page":1,"count":10},"status":200,"ip":"::1"}
{"timestamp":"2026-04-20T06:19:45.934Z","method":"GET","url":"/api/v9/sadjkbdsajfhlsjkdf/get-news-and-updates","params":{},"query":{},"body":{},"status":304,"ip":"::1"}
{"timestamp":"2026-04-20T06:19:45.975Z","method":"GET","url":"/api/v9/sadjkbdsajfhlsjkdf/member-profile-details","params":{},"query":{},"body":{},"status":200,"ip":"::1"}
{"timestamp":"2026-04-20T06:19:45.989Z","method":"GET","url":"/api/v9/sadjkbdsajfhlsjkdf/member-dashboard-business","params":{},"query":{},"body":{},"status":304,"ip":"::1"}
{"timestamp":"2026-04-20T06:19:45.992Z","method":"GET","url":"/api/v9/sadjkbdsajfhlsjkdf/member-dashboard-details","params":{},"query":{},"body":{},"status":200,"ip":"::1"}
{"timestamp":"2026-04-20T06:19:46.099Z","method":"GET","url":"/api/v9/sadjkbdsajfhlsjkdf/member-profile-details","params":{},"query":{},"body":{},"status":304,"ip":"::1"}
{"timestamp":"2026-04-20T06:19:51.119Z","method":"GET","url":"/api/v9/sadjkbdsajfhlsjkdf/get-news-and-updates","params":{},"query":{},"body":{},"status":304,"ip":"::1"}
{"timestamp":"2026-04-20T06:19:51.161Z","method":"GET","url":"/api/v9/sadjkbdsajfhlsjkdf/member-profile-details","params":{},"query":{},"body":{},"status":200,"ip":"::1"}
{"timestamp":"2026-04-20T06:19:51.163Z","method":"GET","url":"/api/v9/sadjkbdsajfhlsjkdf/member-dashboard-details","params":{},"query":{},"body":{},"status":200,"ip":"::1"}
{"timestamp":"2026-04-20T06:19:51.176Z","method":"GET","url":"/api/v9/sadjkbdsajfhlsjkdf/member-dashboard-business","params":{},"query":{},"body":{},"status":304,"ip":"::1"}
{"timestamp":"2026-04-20T06:19:51.273Z","method":"GET","url":"/api/v9/sadjkbdsajfhlsjkdf/member-profile-details","params":{},"query":{},"body":{},"status":304,"ip":"::1"}
{"timestamp":"2026-04-20T06:19:56.643Z","method":"GET","url":"/api/v9/sadjkbdsajfhlsjkdf/get-news-and-updates","params":{},"query":{},"body":{},"status":304,"ip":"::1"}
{"timestamp":"2026-04-20T06:19:56.675Z","method":"GET","url":"/api/v9/sadjkbdsajfhlsjkdf/member-profile-details","params":{},"query":{},"body":{},"status":200,"ip":"::1"}
{"timestamp":"2026-04-20T06:19:56.684Z","method":"GET","url":"/api/v9/sadjkbdsajfhlsjkdf/member-dashboard-details","params":{},"query":{},"body":{},"status":200,"ip":"::1"}
{"timestamp":"2026-04-20T06:19:56.704Z","method":"GET","url":"/api/v9/sadjkbdsajfhlsjkdf/member-dashboard-business","params":{},"query":{},"body":{},"status":304,"ip":"::1"}
{"timestamp":"2026-04-20T06:19:56.783Z","method":"GET","url":"/api/v9/sadjkbdsajfhlsjkdf/member-profile-details","params":{},"query":{},"body":{},"status":304,"ip":"::1"}
{"timestamp":"2026-04-20T06:35:31.147Z","method":"GET","url":"/api/v9/sadjkbdsajfhlsjkdf/get-admin-dashboard","params":{},"query":{},"body":{},"status":304,"ip":"::1"}
{"timestamp":"2026-04-20T06:42:32.387Z","method":"POST","url":"/api/v9/sadjkbdsajfhlsjkdf/member-details","params":{},"query":{},"body":{"search":"","created_at":"","updated_at":"","page":1,"count":10},"status":200,"ip":"::1"}
{"timestamp":"2026-04-20T06:43:06.069Z","method":"GET","url":"/api/v9/sadjkbdsajfhlsjkdf/get-news-and-updates","params":{},"query":{},"body":{},"status":304,"ip":"::1"}
{"timestamp":"2026-04-20T06:43:06.098Z","method":"GET","url":"/api/v9/sadjkbdsajfhlsjkdf/member-profile-details","params":{},"query":{},"body":{},"status":200,"ip":"::1"}
{"timestamp":"2026-04-20T06:43:06.102Z","method":"GET","url":"/api/v9/sadjkbdsajfhlsjkdf/member-dashboard-details","params":{},"query":{},"body":{},"status":200,"ip":"::1"}
{"timestamp":"2026-04-20T06:43:06.131Z","method":"GET","url":"/api/v9/sadjkbdsajfhlsjkdf/member-dashboard-business","params":{},"query":{},"body":{},"status":304,"ip":"::1"}
{"timestamp":"2026-04-20T06:43:06.208Z","method":"GET","url":"/api/v9/sadjkbdsajfhlsjkdf/member-profile-details","params":{},"query":{},"body":{},"status":304,"ip":"::1"}
{"timestamp":"2026-04-20T07:04:46.376Z","method":"GET","url":"/api/v9/sadjkbdsajfhlsjkdf/get-admin-dashboard","params":{},"query":{},"body":{},"status":200,"ip":"::1"}
{"timestamp":"2026-04-20T07:05:04.201Z","method":"POST","url":"/api/v9/sadjkbdsajfhlsjkdf/admin-login","params":{},"query":{},"body":{"username":"pratham@gmail.com","password":"P123n"},"status":200,"ip":"::1"}
{"timestamp":"2026-04-20T07:07:36.725Z","method":"POST","url":"/api/v9/sadjkbdsajfhlsjkdf/admin-login","params":{},"query":{},"body":{"username":"pratham@gmail.com","password":"P123n"},"status":200,"ip":"::1"}
{"timestamp":"2026-04-20T07:07:43.802Z","method":"POST","url":"/api/v9/sadjkbdsajfhlsjkdf/verify-admin-totp","params":{},"query":{},"body":{"otp":"063124"},"status":500,"ip":"::1"}
{"timestamp":"2026-04-20T07:07:45.538Z","method":"POST","url":"/api/v9/sadjkbdsajfhlsjkdf/verify-admin-totp","params":{},"query":{},"body":{"otp":"063124"},"status":500,"ip":"::1"}
{"timestamp":"2026-04-20T07:07:47.120Z","method":"POST","url":"/api/v9/sadjkbdsajfhlsjkdf/verify-admin-totp","params":{},"query":{},"body":{"otp":"063124"},"status":500,"ip":"::1"}
{"timestamp":"2026-04-20T07:07:48.829Z","method":"POST","url":"/api/v9/sadjkbdsajfhlsjkdf/verify-admin-totp","params":{},"query":{},"body":{"otp":"063124"},"status":500,"ip":"::1"}
{"timestamp":"2026-04-20T07:08:40.853Z","method":"POST","url":"/api/v9/sadjkbdsajfhlsjkdf/verify-admin-totp","params":{},"query":{},"body":{"otp":"737325"},"status":500,"ip":"::1"}
{"timestamp":"2026-04-20T07:09:59.698Z","method":"POST","url":"/api/v9/sadjkbdsajfhlsjkdf/verify-admin-totp","params":{},"query":{},"body":{"otp":"941090"},"status":401,"ip":"::1"}
{"timestamp":"2026-04-20T07:10:13.387Z","method":"POST","url":"/api/v9/sadjkbdsajfhlsjkdf/verify-admin-totp","params":{},"query":{},"body":{"otp":"115231"},"status":401,"ip":"::1"}
{"timestamp":"2026-04-20T07:11:19.705Z","method":"POST","url":"/api/v9/sadjkbdsajfhlsjkdf/verify-admin-totp","params":{},"query":{},"body":{"otp":"490196"},"status":401,"ip":"::1"}
{"timestamp":"2026-04-20T07:15:14.621Z","method":"POST","url":"/api/v9/sadjkbdsajfhlsjkdf/admin-login","params":{},"query":{},"body":{"username":"pratham@gmail.com","password":"P123n"},"status":200,"ip":"::1"}
{"timestamp":"2026-04-20T07:15:38.452Z","method":"POST","url":"/api/v9/sadjkbdsajfhlsjkdf/verify-admin-totp","params":{},"query":{},"body":{"otp":"973110"},"status":401,"ip":"::1"}
{"timestamp":"2026-04-20T07:18:24.825Z","method":"POST","url":"/api/v9/sadjkbdsajfhlsjkdf/verify-admin-totp","params":{},"query":{},"body":{"otp":"562415"},"status":401,"ip":"::ffff:127.0.0.1"}
{"timestamp":"2026-04-20T07:20:19.856Z","method":"POST","url":"/api/v9/sadjkbdsajfhlsjkdf/verify-admin-totp","params":{},"query":{},"body":{"otp":"835849"},"status":401,"ip":"::1"}
{"timestamp":"2026-04-20T07:21:15.548Z","method":"POST","url":"/api/v9/sadjkbdsajfhlsjkdf/verify-admin-totp","params":{},"query":{},"body":{"otp":"766004"},"status":200,"ip":"::1"}
{"timestamp":"2026-04-20T07:21:15.774Z","method":"GET","url":"/api/v9/sadjkbdsajfhlsjkdf/get-admin-dashboard","params":{},"query":{},"body":{},"status":304,"ip":"::1"}
{"timestamp":"2026-04-20T07:21:16.861Z","method":"GET","url":"/api/v9/sadjkbdsajfhlsjkdf/get-admin-dashboard","params":{},"query":{},"body":{},"status":304,"ip":"::1"}
{"timestamp":"2026-04-20T07:21:46.952Z","method":"POST","url":"/api/v9/sadjkbdsajfhlsjkdf/admin-login","params":{},"query":{},"body":{"username":"pratham@gmail.com","password":"P123n"},"status":200,"ip":"::1"}
{"timestamp":"2026-04-20T07:21:55.610Z","method":"POST","url":"/api/v9/sadjkbdsajfhlsjkdf/verify-admin-totp","params":{},"query":{},"body":{"otp":"540869"},"status":200,"ip":"::1"}
{"timestamp":"2026-04-20T07:21:56.704Z","method":"GET","url":"/api/v9/sadjkbdsajfhlsjkdf/get-admin-dashboard","params":{},"query":{},"body":{},"status":304,"ip":"::1"}
{"timestamp":"2026-04-20T07:22:25.418Z","method":"POST","url":"/api/v9/sadjkbdsajfhlsjkdf/admin-login","params":{},"query":{},"body":{"username":"pratham@gmail.com","password":"P123n"},"status":200,"ip":"::1"}
{"timestamp":"2026-04-20T07:22:42.747Z","method":"POST","url":"/api/v9/sadjkbdsajfhlsjkdf/verify-admin-totp","params":{},"query":{},"body":{"otp":"028396"},"status":200,"ip":"::1"}
{"timestamp":"2026-04-20T07:22:43.835Z","method":"GET","url":"/api/v9/sadjkbdsajfhlsjkdf/get-admin-dashboard","params":{},"query":{},"body":{},"status":304,"ip":"::1"}
{"timestamp":"2026-04-20T07:25:11.636Z","method":"POST","url":"/api/v9/sadjkbdsajfhlsjkdf/admin-login","params":{},"query":{},"body":{"username":"pratham@gmail.com","password":"P123n"},"status":200,"ip":"::1"}
{"timestamp":"2026-04-20T07:25:16.827Z","method":"POST","url":"/api/v9/sadjkbdsajfhlsjkdf/verify-admin-totp","params":{},"query":{},"body":{"otp":"015539"},"status":200,"ip":"::1"}
{"timestamp":"2026-04-20T07:25:18.576Z","method":"GET","url":"/api/v9/sadjkbdsajfhlsjkdf/get-admin-dashboard","params":{},"query":{},"body":{},"status":304,"ip":"::1"}
{"timestamp":"2026-04-20T07:27:18.908Z","method":"POST","url":"/api/v9/sadjkbdsajfhlsjkdf/admin-login","params":{},"query":{},"body":{"username":"pratham@gmail.com","password":"P123n"},"status":200,"ip":"::1"}
{"timestamp":"2026-04-20T07:27:21.403Z","method":"POST","url":"/api/v9/sadjkbdsajfhlsjkdf/verify-admin-totp","params":{},"query":{},"body":{"otp":"111111"},"status":401,"ip":"::1"}
{"timestamp":"2026-04-20T07:27:25.075Z","method":"POST","url":"/api/v9/sadjkbdsajfhlsjkdf/verify-admin-totp","params":{},"query":{},"body":{"otp":"111112"},"status":401,"ip":"::1"}
{"timestamp":"2026-04-20T07:27:37.897Z","method":"POST","url":"/api/v9/sadjkbdsajfhlsjkdf/verify-admin-totp","params":{},"query":{},"body":{"otp":"888343"},"status":200,"ip":"::1"}
{"timestamp":"2026-04-20T07:27:39.042Z","method":"GET","url":"/api/v9/sadjkbdsajfhlsjkdf/get-admin-dashboard","params":{},"query":{},"body":{},"status":304,"ip":"::1"}
{"timestamp":"2026-04-20T07:31:02.065Z","method":"POST","url":"/api/v9/sadjkbdsajfhlsjkdf/member-details","params":{},"query":{},"body":{"search":"","created_at":"","updated_at":"","page":1,"count":10},"status":200,"ip":"::1"}
{"timestamp":"2026-04-20T07:31:04.972Z","method":"GET","url":"/api/v9/sadjkbdsajfhlsjkdf/get-news-and-updates","params":{},"query":{},"body":{},"status":304,"ip":"::1"}
{"timestamp":"2026-04-20T07:31:04.988Z","method":"GET","url":"/api/v9/sadjkbdsajfhlsjkdf/member-profile-details","params":{},"query":{},"body":{},"status":304,"ip":"::1"}
{"timestamp":"2026-04-20T07:31:04.992Z","method":"GET","url":"/api/v9/sadjkbdsajfhlsjkdf/member-dashboard-details","params":{},"query":{},"body":{},"status":304,"ip":"::1"}
{"timestamp":"2026-04-20T07:31:05.013Z","method":"GET","url":"/api/v9/sadjkbdsajfhlsjkdf/member-dashboard-business","params":{},"query":{},"body":{},"status":304,"ip":"::1"}
{"timestamp":"2026-04-20T07:31:05.102Z","method":"GET","url":"/api/v9/sadjkbdsajfhlsjkdf/member-profile-details","params":{},"query":{},"body":{},"status":304,"ip":"::1"}
{"timestamp":"2026-04-20T07:31:14.861Z","method":"GET","url":"/api/v9/sadjkbdsajfhlsjkdf/get-news-and-updates","params":{},"query":{},"body":{},"status":304,"ip":"::1"}
{"timestamp":"2026-04-20T07:31:14.899Z","method":"GET","url":"/api/v9/sadjkbdsajfhlsjkdf/member-profile-details","params":{},"query":{},"body":{},"status":200,"ip":"::1"}
{"timestamp":"2026-04-20T07:31:14.902Z","method":"GET","url":"/api/v9/sadjkbdsajfhlsjkdf/member-dashboard-details","params":{},"query":{},"body":{},"status":200,"ip":"::1"}
{"timestamp":"2026-04-20T07:31:14.918Z","method":"GET","url":"/api/v9/sadjkbdsajfhlsjkdf/member-dashboard-business","params":{},"query":{},"body":{},"status":304,"ip":"::1"}
{"timestamp":"2026-04-20T07:31:15.009Z","method":"GET","url":"/api/v9/sadjkbdsajfhlsjkdf/member-profile-details","params":{},"query":{},"body":{},"status":304,"ip":"::1"}
{"timestamp":"2026-04-20T07:41:07.740Z","method":"POST","url":"/api/v9/sadjkbdsajfhlsjkdf/member-details","params":{},"query":{},"body":{"search":"","created_at":"","updated_at":"","page":1,"count":10},"status":200,"ip":"::1"}
{"timestamp":"2026-04-20T07:41:18.440Z","method":"GET","url":"/api/v9/sadjkbdsajfhlsjkdf/get-news-and-updates","params":{},"query":{},"body":{},"status":304,"ip":"::1"}
{"timestamp":"2026-04-20T07:41:18.479Z","method":"GET","url":"/api/v9/sadjkbdsajfhlsjkdf/member-profile-details","params":{},"query":{},"body":{},"status":200,"ip":"::1"}
{"timestamp":"2026-04-20T07:41:18.523Z","method":"GET","url":"/api/v9/sadjkbdsajfhlsjkdf/member-dashboard-details","params":{},"query":{},"body":{},"status":200,"ip":"::1"}
{"timestamp":"2026-04-20T07:41:18.525Z","method":"GET","url":"/api/v9/sadjkbdsajfhlsjkdf/member-dashboard-business","params":{},"query":{},"body":{},"status":304,"ip":"::1"}
{"timestamp":"2026-04-20T07:41:18.621Z","method":"GET","url":"/api/v9/sadjkbdsajfhlsjkdf/member-profile-details","params":{},"query":{},"body":{},"status":304,"ip":"::1"}
{"timestamp":"2026-04-20T08:00:32.708Z","method":"GET","url":"/api/v9/sadjkbdsajfhlsjkdf/get-news-and-updates","params":{},"query":{},"body":{},"status":304,"ip":"::1"}
{"timestamp":"2026-04-20T08:00:32.753Z","method":"GET","url":"/api/v9/sadjkbdsajfhlsjkdf/member-profile-details","params":{},"query":{},"body":{},"status":200,"ip":"::1"}
{"timestamp":"2026-04-20T08:00:32.755Z","method":"GET","url":"/api/v9/sadjkbdsajfhlsjkdf/member-dashboard-details","params":{},"query":{},"body":{},"status":200,"ip":"::1"}
{"timestamp":"2026-04-20T08:00:32.770Z","method":"GET","url":"/api/v9/sadjkbdsajfhlsjkdf/member-dashboard-business","params":{},"query":{},"body":{},"status":304,"ip":"::1"}
{"timestamp":"2026-04-20T08:00:32.889Z","method":"GET","url":"/api/v9/sadjkbdsajfhlsjkdf/member-profile-details","params":{},"query":{},"body":{},"status":304,"ip":"::1"}
{"timestamp":"2026-04-20T08:00:46.724Z","method":"POST","url":"/api/v9/sadjkbdsajfhlsjkdf/member-payout-report","params":{},"query":{},"body":{"search":"","created_at":"","updated_at":"","page":1,"count":"10"},"status":200,"ip":"::1"}
{"timestamp":"2026-04-20T08:03:23.532Z","method":"POST","url":"/api/v9/sadjkbdsajfhlsjkdf/member-payout-report","params":{},"query":{},"body":{"search":"","created_at":"","updated_at":"","page":1,"count":"10"},"status":200,"ip":"::1"}
{"timestamp":"2026-04-20T08:16:01.059Z","method":"POST","url":"/api/v9/sadjkbdsajfhlsjkdf/member-payout-report","params":{},"query":{},"body":{"search":"","created_at":"","updated_at":"","page":2,"count":"10"},"status":200,"ip":"::1"}
{"timestamp":"2026-04-20T08:19:10.615Z","method":"POST","url":"/api/v9/sadjkbdsajfhlsjkdf/member-details","params":{},"query":{},"body":{"search":"","created_at":"","updated_at":"","page":1,"count":10},"status":200,"ip":"::1"}
{"timestamp":"2026-04-20T08:19:16.814Z","method":"POST","url":"/api/v9/sadjkbdsajfhlsjkdf/member-details","params":{},"query":{},"body":{"search":"","created_at":"","updated_at":"","page":1,"count":100},"status":200,"ip":"::1"}
{"timestamp":"2026-04-20T08:19:18.661Z","method":"POST","url":"/api/v9/sadjkbdsajfhlsjkdf/member-details","params":{},"query":{},"body":{"search":"","created_at":"","updated_at":"","page":2,"count":100},"status":200,"ip":"::1"}
{"timestamp":"2026-04-20T08:19:24.740Z","method":"GET","url":"/api/v9/sadjkbdsajfhlsjkdf/get-news-and-updates","params":{},"query":{},"body":{},"status":304,"ip":"::1"}
{"timestamp":"2026-04-20T08:19:24.765Z","method":"GET","url":"/api/v9/sadjkbdsajfhlsjkdf/member-profile-details","params":{},"query":{},"body":{},"status":200,"ip":"::1"}
{"timestamp":"2026-04-20T08:19:24.800Z","method":"GET","url":"/api/v9/sadjkbdsajfhlsjkdf/member-dashboard-details","params":{},"query":{},"body":{},"status":200,"ip":"::1"}
{"timestamp":"2026-04-20T08:19:24.816Z","method":"GET","url":"/api/v9/sadjkbdsajfhlsjkdf/member-dashboard-business","params":{},"query":{},"body":{},"status":304,"ip":"::1"}
{"timestamp":"2026-04-20T08:19:24.890Z","method":"GET","url":"/api/v9/sadjkbdsajfhlsjkdf/member-profile-details","params":{},"query":{},"body":{},"status":304,"ip":"::1"}
{"timestamp":"2026-04-20T08:19:29.998Z","method":"POST","url":"/api/v9/sadjkbdsajfhlsjkdf/get-report-details","params":{},"query":{},"body":{"count":"10","sub_label":"TOPUP WALLET","main_label":"IN"},"status":200,"ip":"::1"}
{"timestamp":"2026-04-20T08:19:31.627Z","method":"POST","url":"/api/v9/sadjkbdsajfhlsjkdf/member-payout-report","params":{},"query":{},"body":{"search":"","created_at":"","updated_at":"","page":1,"count":"10"},"status":200,"ip":"::1"}
{"timestamp":"2026-04-20T08:20:21.347Z","method":"POST","url":"/api/v9/sadjkbdsajfhlsjkdf/member-payout-report","params":{},"query":{},"body":{"search":"","created_at":"","updated_at":"","page":2,"count":"10"},"status":200,"ip":"::1"}
{"timestamp":"2026-04-20T08:20:25.727Z","method":"POST","url":"/api/v9/sadjkbdsajfhlsjkdf/member-payout-report","params":{},"query":{},"body":{"search":"","created_at":"","updated_at":"","page":1,"count":"10"},"status":200,"ip":"::1"}
{"timestamp":"2026-04-20T08:21:21.533Z","method":"POST","url":"/api/v9/sadjkbdsajfhlsjkdf/member-payout-report","params":{},"query":{},"body":{"search":"","created_at":"","updated_at":"","page":2,"count":"10"},"status":200,"ip":"::1"}
{"timestamp":"2026-04-20T08:21:28.281Z","method":"POST","url":"/api/v9/sadjkbdsajfhlsjkdf/member-payout-report","params":{},"query":{},"body":{"search":"","created_at":"","updated_at":"","page":1,"count":"10"},"status":200,"ip":"::1"}
{"timestamp":"2026-04-20T08:21:37.098Z","method":"POST","url":"/api/v9/sadjkbdsajfhlsjkdf/member-payout-report","params":{},"query":{},"body":{"search":"","created_at":"","updated_at":"","page":2,"count":"10"},"status":200,"ip":"::1"}
{"timestamp":"2026-04-20T08:21:37.888Z","method":"POST","url":"/api/v9/sadjkbdsajfhlsjkdf/member-payout-report","params":{},"query":{},"body":{"search":"","created_at":"","updated_at":"","page":3,"count":"10"},"status":200,"ip":"::1"}
{"timestamp":"2026-04-20T08:21:39.038Z","method":"POST","url":"/api/v9/sadjkbdsajfhlsjkdf/member-payout-report","params":{},"query":{},"body":{"search":"","created_at":"","updated_at":"","page":4,"count":"10"},"status":200,"ip":"::1"}
{"timestamp":"2026-04-20T08:21:39.867Z","method":"POST","url":"/api/v9/sadjkbdsajfhlsjkdf/member-payout-report","params":{},"query":{},"body":{"search":"","created_at":"","updated_at":"","page":5,"count":"10"},"status":200,"ip":"::1"}
{"timestamp":"2026-04-20T08:21:58.292Z","method":"POST","url":"/api/v9/sadjkbdsajfhlsjkdf/member-payout-report","params":{},"query":{},"body":{"search":"","created_at":"","updated_at":"","page":6,"count":"10"},"status":200,"ip":"::1"}
{"timestamp":"2026-04-20T08:22:08.309Z","method":"POST","url":"/api/v9/sadjkbdsajfhlsjkdf/member-payout-report","params":{},"query":{},"body":{"search":"","created_at":"","updated_at":"","page":7,"count":"10"},"status":200,"ip":"::1"}
{"timestamp":"2026-04-20T08:22:09.917Z","method":"POST","url":"/api/v9/sadjkbdsajfhlsjkdf/member-payout-report","params":{},"query":{},"body":{"search":"","created_at":"","updated_at":"","page":8,"count":"10"},"status":200,"ip":"::1"}
{"timestamp":"2026-04-20T08:22:14.005Z","method":"POST","url":"/api/v9/sadjkbdsajfhlsjkdf/member-payout-report","params":{},"query":{},"body":{"search":"","created_at":"","updated_at":"","page":7,"count":"10"},"status":200,"ip":"::1"}
{"timestamp":"2026-04-20T08:22:21.142Z","method":"POST","url":"/api/v9/sadjkbdsajfhlsjkdf/member-payout-report","params":{},"query":{},"body":{"search":"","created_at":"","updated_at":"","page":6,"count":"10"},"status":200,"ip":"::1"}
{"timestamp":"2026-04-20T08:22:21.912Z","method":"POST","url":"/api/v9/sadjkbdsajfhlsjkdf/member-payout-report","params":{},"query":{},"body":{"search":"","created_at":"","updated_at":"","page":5,"count":"10"},"status":200,"ip":"::1"}
{"timestamp":"2026-04-20T08:25:02.717Z","method":"GET","url":"/api/v9/sadjkbdsajfhlsjkdf/member-profile-details","params":{},"query":{},"body":{},"status":201,"ip":"::1"}
{"timestamp":"2026-04-20T08:25:02.721Z","method":"GET","url":"/api/v9/sadjkbdsajfhlsjkdf/member-dashboard-details","params":{},"query":{},"body":{},"status":201,"ip":"::1"}
{"timestamp":"2026-04-20T08:25:02.752Z","method":"GET","url":"/api/v9/sadjkbdsajfhlsjkdf/member-dashboard-business","params":{},"query":{},"body":{},"status":201,"ip":"::1"}
{"timestamp":"2026-04-20T08:25:02.779Z","method":"GET","url":"/api/v9/sadjkbdsajfhlsjkdf/get-news-and-updates","query":{},"body":{},"status":500,"ip":"::1"}
{"timestamp":"2026-04-20T08:25:02.861Z","method":"GET","url":"/api/v9/sadjkbdsajfhlsjkdf/member-profile-details","params":{},"query":{},"body":{},"status":201,"ip":"::1"}
{"timestamp":"2026-04-20T08:25:07.280Z","method":"POST","url":"/api/v9/sadjkbdsajfhlsjkdf/get-member-downline","params":{},"query":{},"body":{"level_id":1,"page":1,"limit":10},"status":201,"ip":"::1"}
{"timestamp":"2026-04-20T08:25:11.468Z","method":"POST","url":"/api/v9/sadjkbdsajfhlsjkdf/member-payout-report","params":{},"query":{},"body":{"search":"","created_at":"","updated_at":"","page":1,"count":"10"},"status":201,"ip":"::1"}
{"timestamp":"2026-04-20T08:25:27.890Z","method":"GET","url":"/api/v9/sadjkbdsajfhlsjkdf/member-profile-details","params":{},"query":{},"body":{},"status":201,"ip":"::1"}
{"timestamp":"2026-04-20T08:25:27.895Z","method":"GET","url":"/api/v9/sadjkbdsajfhlsjkdf/member-dashboard-details","params":{},"query":{},"body":{},"status":201,"ip":"::1"}
{"timestamp":"2026-04-20T08:25:27.903Z","method":"GET","url":"/api/v9/sadjkbdsajfhlsjkdf/member-dashboard-business","params":{},"query":{},"body":{},"status":201,"ip":"::1"}
{"timestamp":"2026-04-20T08:25:27.909Z","method":"GET","url":"/api/v9/sadjkbdsajfhlsjkdf/get-news-and-updates","query":{},"body":{},"status":500,"ip":"::1"}
{"timestamp":"2026-04-20T08:25:28.025Z","method":"GET","url":"/api/v9/sadjkbdsajfhlsjkdf/member-profile-details","params":{},"query":{},"body":{},"status":201,"ip":"::1"}
{"timestamp":"2026-04-20T08:25:44.645Z","method":"POST","url":"/api/v9/sadjkbdsajfhlsjkdf/member-details","params":{},"query":{},"body":{"search":"","created_at":"","updated_at":"","page":1,"count":100},"status":201,"ip":"::1"}
{"timestamp":"2026-04-20T09:20:49.817Z","method":"POST","url":"/api/v9/sadjkbdsajfhlsjkdf/member-dapp-log-reg-with-dapp","params":{},"query":{},"body":{"payload":"U2FsdGVkX19vTUdKxfPJS8hdRMQLZ3suHT9DuQolE6YCt5ODuT+UeJg7zjopO19E1kvLZ10p0WFc/G+p4LXmUFwpABHwCiksYFdPYpX9okZkMZkscka6CkP8zlKZHVXClbY1EsVSjHGKLRz4HLby8g=="},"status":500,"ip":"::1"}
{"timestamp":"2026-04-20T09:20:53.448Z","method":"POST","url":"/api/v9/sadjkbdsajfhlsjkdf/member-dapp-log-reg-with-dapp","params":{},"query":{},"body":{"payload":"U2FsdGVkX1+JzNRINx+EhvKrn92ANTlxvDeOD30UhIm3vRRCkMwxn/BVUVKeWR4gborips+E9igjC/5pcQpS8qu0OES3OEN8BOCos7gOqCd34O6Kr4IXKqXX+knTenw4JqNcF4XERGy5QEs0ztObow=="},"status":500,"ip":"::1"}
{"timestamp":"2026-04-20T09:21:23.115Z","method":"POST","url":"/api/v9/sadjkbdsajfhlsjkdf/member-dapp-log-reg-with-dapp","params":{},"query":{},"body":{"payload":"U2FsdGVkX1+9Wflszc8d/6Vvw4AWmUtmBx+JO53qlFuqBKU4OrG/DHJrnTIsZZi8VlYBbYt1HKL8uMYmFA51iI0A1C2EErCS2l+BQnORtHdX4iLVjwQCBOKRTRM65BlmOXopnwQNSnSvcDtW4AQHcw=="},"status":500,"ip":"::1"}
{"timestamp":"2026-04-20T09:21:24.083Z","method":"POST","url":"/api/v9/sadjkbdsajfhlsjkdf/member-dapp-log-reg-with-dapp","params":{},"query":{},"body":{"payload":"U2FsdGVkX18fwm8R0Z9x2R3DQcvgIbLAuDUyflds8COUIjyEIZV/C6xB0s0U+DIk15516iGA5b0Hxk8AgPmLRkz6XV/tZS9d6g8zWnaoH3iXmSFqvrbEjRyFlC8lzRIZHzRGIfS8vVV59RWP+EepJw=="},"status":500,"ip":"::1"}
{"timestamp":"2026-04-20T09:21:29.213Z","method":"POST","url":"/api/v9/sadjkbdsajfhlsjkdf/member-dapp-log-reg-with-dapp","params":{},"query":{},"body":{"payload":"U2FsdGVkX193sCImAwjyt4Lc/J1DjNAZSQXKGgFOuiYbNY5VARiY+87E1qSHj90D7q8lh1d4RDLoJJwcKOlXGePeFKx12Wk2jshs5znfpevxe4RxLtMQhID2Dl95Fp5RoEdocoZcd9kRQNAcWesghQ=="},"status":500,"ip":"::1"}
{"timestamp":"2026-04-20T09:22:29.116Z","method":"POST","url":"/api/v9/sadjkbdsajfhlsjkdf/admin-login","params":{},"query":{},"body":{"username":"pratham@gmail.com","password":"P123n"},"status":500,"ip":"::1"}
{"timestamp":"2026-04-20T09:22:31.185Z","method":"POST","url":"/api/v9/sadjkbdsajfhlsjkdf/admin-login","params":{},"query":{},"body":{"username":"pratham@gmail.com","password":"P123n"},"status":500,"ip":"::1"}
{"timestamp":"2026-04-20T09:22:35.835Z","method":"POST","url":"/api/v9/sadjkbdsajfhlsjkdf/admin-login","params":{},"query":{},"body":{"username":"pratham@gmail.com","password":"P123n"},"status":500,"ip":"::1"}
{"timestamp":"2026-04-20T09:22:37.463Z","method":"POST","url":"/api/v9/sadjkbdsajfhlsjkdf/admin-login","params":{},"query":{},"body":{"username":"pratham@gmail.com","password":"P123n"},"status":500,"ip":"::1"}
{"timestamp":"2026-04-20T09:22:39.023Z","method":"POST","url":"/api/v9/sadjkbdsajfhlsjkdf/admin-login","params":{},"query":{},"body":{"username":"pratham@gmail.com","password":"P123n"},"status":500,"ip":"::1"}
{"timestamp":"2026-04-20T09:22:40.683Z","method":"POST","url":"/api/v9/sadjkbdsajfhlsjkdf/admin-login","params":{},"query":{},"body":{"username":"pratham@gmail.com","password":"P123n"},"status":500,"ip":"::1"}
{"timestamp":"2026-04-20T09:22:41.972Z","method":"POST","url":"/api/v9/sadjkbdsajfhlsjkdf/admin-login","params":{},"query":{},"body":{"username":"pratham@gmail.com","password":"P123n"},"status":500,"ip":"::1"}
{"timestamp":"2026-04-20T09:22:43.571Z","method":"POST","url":"/api/v9/sadjkbdsajfhlsjkdf/admin-login","params":{},"query":{},"body":{"username":"pratham@gmail.com","password":"P123n"},"status":500,"ip":"::1"}
{"timestamp":"2026-04-20T09:23:45.478Z","method":"POST","url":"/api/v9/sadjkbdsajfhlsjkdf/admin-login","params":{},"query":{},"body":{"username":"pratham@gmail.com","password":"P123n"},"status":500,"ip":"::1"}
{"timestamp":"2026-04-20T09:23:46.677Z","method":"POST","url":"/api/v9/sadjkbdsajfhlsjkdf/admin-login","params":{},"query":{},"body":{"username":"pratham@gmail.com","password":"P123n"},"status":500,"ip":"::1"}
{"timestamp":"2026-04-20T09:24:02.661Z","method":"POST","url":"/api/v9/sadjkbdsajfhlsjkdf/admin-login","params":{},"query":{},"body":{"username":"pratham@gmail.com","password":"P123n"},"status":500,"ip":"::1"}
{"timestamp":"2026-04-20T09:24:30.092Z","method":"POST","url":"/api/v9/sadjkbdsajfhlsjkdf/admin-login","params":{},"query":{},"body":{"username":"pratham@gmail.com","password":"P123n"},"status":200,"ip":"::1"}
{"timestamp":"2026-04-20T09:25:34.831Z","method":"POST","url":"/api/v9/sadjkbdsajfhlsjkdf/verify-admin-totp","params":{},"query":{},"body":{"otp":"805441"},"status":200,"ip":"::1"}
{"timestamp":"2026-04-20T09:25:35.019Z","method":"GET","url":"/api/v9/sadjkbdsajfhlsjkdf/get-admin-dashboard","params":{},"query":{},"body":{},"status":304,"ip":"::1"}
{"timestamp":"2026-04-20T09:25:35.527Z","method":"GET","url":"/api/v9/sadjkbdsajfhlsjkdf/get-admin-dashboard","params":{},"query":{},"body":{},"status":304,"ip":"::1"}
{"timestamp":"2026-04-20T09:25:37.746Z","method":"POST","url":"/api/v9/sadjkbdsajfhlsjkdf/member-details","params":{},"query":{},"body":{"search":"","created_at":"","updated_at":"","page":1,"count":10},"status":200,"ip":"::1"}
{"timestamp":"2026-04-20T09:25:52.350Z","method":"POST","url":"/api/v9/sadjkbdsajfhlsjkdf/member-details","params":{},"query":{},"body":{"search":"","created_at":"","updated_at":"","page":1,"count":10},"status":201,"ip":"::1"}
{"timestamp":"2026-04-20T09:26:01.658Z","method":"POST","url":"/api/v9/sadjkbdsajfhlsjkdf/member-dapp-log-reg-with-dapp","params":{},"query":{},"body":{"payload":"U2FsdGVkX19rD4K7DP1oY52chKOdkIZKgqFcAN1t2BrV8zzBoC68spYidC7dFVRQK2eMa4LqMWx1D180Fq/OlzXs8+BuBtT1/9kMgrcf+mZz1nyp7HU6TQbzZhDCBAygrtBvotLfaWrCzbG/M5lo8A=="},"status":200,"ip":"::1"}
{"timestamp":"2026-04-20T09:26:03.320Z","method":"GET","url":"/api/v9/sadjkbdsajfhlsjkdf/get-news-and-updates","params":{},"query":{},"body":{},"status":200,"ip":"::1"}
{"timestamp":"2026-04-20T09:26:03.358Z","method":"GET","url":"/api/v9/sadjkbdsajfhlsjkdf/member-profile-details","params":{},"query":{},"body":{},"status":200,"ip":"::1"}
{"timestamp":"2026-04-20T09:26:03.379Z","method":"GET","url":"/api/v9/sadjkbdsajfhlsjkdf/member-dashboard-business","params":{},"query":{},"body":{},"status":200,"ip":"::1"}
{"timestamp":"2026-04-20T09:26:03.384Z","method":"GET","url":"/api/v9/sadjkbdsajfhlsjkdf/member-dashboard-details","params":{},"query":{},"body":{},"status":200,"ip":"::1"}
{"timestamp":"2026-04-20T09:26:03.476Z","method":"GET","url":"/api/v9/sadjkbdsajfhlsjkdf/member-profile-details","params":{},"query":{},"body":{},"status":304,"ip":"::1"}
{"timestamp":"2026-04-20T09:26:05.790Z","method":"POST","url":"/api/v9/sadjkbdsajfhlsjkdf/member-payout-report","params":{},"query":{},"body":{"search":"","created_at":"","updated_at":"","page":1,"count":"10"},"status":200,"ip":"::1"}
{"timestamp":"2026-04-20T09:26:52.618Z","method":"POST","url":"/api/v9/sadjkbdsajfhlsjkdf/get-member-downline","params":{},"query":{},"body":{"level_id":1,"page":1,"limit":10},"status":200,"ip":"::1"}
{"timestamp":"2026-04-20T09:26:53.947Z","method":"POST","url":"/api/v9/sadjkbdsajfhlsjkdf/get-member-downline","params":{},"query":{},"body":{"level_id":1,"page":1,"limit":10},"status":200,"ip":"::1"}
{"timestamp":"2026-04-20T09:26:54.705Z","method":"GET","url":"/api/v9/sadjkbdsajfhlsjkdf/get-member-downline-tree","params":{},"query":{},"body":{},"status":200,"ip":"::1"}
{"timestamp":"2026-04-20T09:26:58.075Z","method":"POST","url":"/api/v9/sadjkbdsajfhlsjkdf/get-report-details","params":{},"query":{},"body":{"search":"","created_at":"","updated_at":"","page":1,"count":"10","sub_label":"ROI","main_label":"IN"},"status":200,"ip":"::1"}
{"timestamp":"2026-04-20T09:27:00.443Z","method":"POST","url":"/api/v9/sadjkbdsajfhlsjkdf/get-report-details","params":{},"query":{},"body":{"search":"","created_at":"","updated_at":"","page":1,"count":10,"sub_label":"DIRECT","main_label":"IN"},"status":200,"ip":"::1"}
{"timestamp":"2026-04-20T09:27:01.303Z","method":"POST","url":"/api/v9/sadjkbdsajfhlsjkdf/get-report-details","params":{},"query":{},"body":{"search":"","created_at":"","updated_at":"","page":1,"count":10,"sub_label":"LEVEL","main_label":"IN"},"status":200,"ip":"::1"}
{"timestamp":"2026-04-20T09:27:02.064Z","method":"POST","url":"/api/v9/sadjkbdsajfhlsjkdf/get-report-details","params":{},"query":{},"body":{"search":"","created_at":"","updated_at":"","page":1,"count":"10","sub_label":"RANK","main_label":"IN"},"status":200,"ip":"::1"}
{"timestamp":"2026-04-20T09:27:03.362Z","method":"POST","url":"/api/v9/sadjkbdsajfhlsjkdf/get-report-details","params":{},"query":{},"body":{"search":"","created_at":"","updated_at":"","page":1,"count":"10","sub_label":"REWARD","main_label":"IN"},"status":200,"ip":"::1"}
{"timestamp":"2026-04-20T09:27:40.288Z","method":"GET","url":"/api/v9/sadjkbdsajfhlsjkdf/get-news-and-updates","params":{},"query":{},"body":{},"status":304,"ip":"::1"}
{"timestamp":"2026-04-20T09:27:40.289Z","method":"GET","url":"/api/v9/sadjkbdsajfhlsjkdf/member-profile-details","params":{},"query":{},"body":{},"status":200,"ip":"::1"}
{"timestamp":"2026-04-20T09:27:40.319Z","method":"GET","url":"/api/v9/sadjkbdsajfhlsjkdf/member-dashboard-details","params":{},"query":{},"body":{},"status":304,"ip":"::1"}
{"timestamp":"2026-04-20T09:27:40.333Z","method":"GET","url":"/api/v9/sadjkbdsajfhlsjkdf/member-dashboard-business","params":{},"query":{},"body":{},"status":304,"ip":"::1"}
{"timestamp":"2026-04-20T09:27:40.398Z","method":"GET","url":"/api/v9/sadjkbdsajfhlsjkdf/member-profile-details","params":{},"query":{},"body":{},"status":304,"ip":"::1"}
{"timestamp":"2026-04-20T09:28:28.851Z","method":"POST","url":"/api/v9/sadjkbdsajfhlsjkdf/admin-login","params":{},"query":{},"body":{"username":"pratham@gmail.com","password":"P123n"},"status":200,"ip":"::1"}
{"timestamp":"2026-04-20T09:28:44.621Z","method":"POST","url":"/api/v9/sadjkbdsajfhlsjkdf/verify-admin-totp","params":{},"query":{},"body":{"otp":"132379"},"status":200,"ip":"::1"}
{"timestamp":"2026-04-20T09:28:45.836Z","method":"GET","url":"/api/v9/sadjkbdsajfhlsjkdf/get-admin-dashboard","params":{},"query":{},"body":{},"status":304,"ip":"::1"}
{"timestamp":"2026-04-20T09:29:00.419Z","method":"POST","url":"/api/v9/sadjkbdsajfhlsjkdf/member-details","params":{},"query":{},"body":{"search":"","created_at":"","updated_at":"","page":1,"count":10},"status":200,"ip":"::1"}
{"timestamp":"2026-04-20T09:29:05.190Z","method":"GET","url":"/api/v9/sadjkbdsajfhlsjkdf/get-news-and-updates","params":{},"query":{},"body":{},"status":304,"ip":"::1"}
{"timestamp":"2026-04-20T09:29:05.209Z","method":"GET","url":"/api/v9/sadjkbdsajfhlsjkdf/member-profile-details","params":{},"query":{},"body":{},"status":200,"ip":"::1"}
{"timestamp":"2026-04-20T09:29:05.212Z","method":"GET","url":"/api/v9/sadjkbdsajfhlsjkdf/member-dashboard-details","params":{},"query":{},"body":{},"status":200,"ip":"::1"}
{"timestamp":"2026-04-20T09:29:05.246Z","method":"GET","url":"/api/v9/sadjkbdsajfhlsjkdf/member-dashboard-business","params":{},"query":{},"body":{},"status":304,"ip":"::1"}
{"timestamp":"2026-04-20T09:29:05.318Z","method":"GET","url":"/api/v9/sadjkbdsajfhlsjkdf/member-profile-details","params":{},"query":{},"body":{},"status":304,"ip":"::1"}
{"timestamp":"2026-04-20T09:29:11.847Z","method":"POST","url":"/api/v9/sadjkbdsajfhlsjkdf/member-payout-report","params":{},"query":{},"body":{"search":"","created_at":"","updated_at":"","page":1,"count":"10"},"status":200,"ip":"::1"}
{"timestamp":"2026-04-20T09:29:18.574Z","method":"POST","url":"/api/v9/sadjkbdsajfhlsjkdf/get-report-details","params":{},"query":{},"body":{"search":"","created_at":"","updated_at":"","page":1,"count":"10","sub_label":"FUND WALLET","main_label":"IN"},"status":200,"ip":"::1"}
{"timestamp":"2026-04-20T09:29:20.812Z","method":"POST","url":"/api/v9/sadjkbdsajfhlsjkdf/get-report-details","params":{},"query":{},"body":{"search":"","created_at":"","updated_at":"","page":1,"count":"10","sub_label":"FUND WALLET","main_label":"OUT"},"status":200,"ip":"::1"}
{"timestamp":"2026-04-20T09:29:21.942Z","method":"POST","url":"/api/v9/sadjkbdsajfhlsjkdf/get-report-details","params":{},"query":{},"body":{"search":"","created_at":"","updated_at":"","page":1,"count":"10","sub_label":"TOPUP WALLET","main_label":"IN"},"status":200,"ip":"::1"}
{"timestamp":"2026-04-20T09:29:39.404Z","method":"GET","url":"/api/v9/sadjkbdsajfhlsjkdf/get-member-downline-tree","params":{},"query":{},"body":{},"status":200,"ip":"::1"}
{"timestamp":"2026-04-20T09:29:42.200Z","method":"GET","url":"/api/v9/sadjkbdsajfhlsjkdf/get-member-downline-tree?userId=210","params":{},"query":{"userId":"210"},"body":{},"status":200,"ip":"::1"}
{"timestamp":"2026-04-20T09:29:53.340Z","method":"POST","url":"/api/v9/sadjkbdsajfhlsjkdf/member-details","params":{},"query":{},"body":{"search":"","created_at":"","updated_at":"","page":1,"count":100},"status":200,"ip":"::1"}
{"timestamp":"2026-04-20T09:29:55.358Z","method":"POST","url":"/api/v9/sadjkbdsajfhlsjkdf/member-details","params":{},"query":{},"body":{"search":"","created_at":"","updated_at":"","page":2,"count":100},"status":200,"ip":"::1"}
{"timestamp":"2026-04-20T09:29:57.968Z","method":"GET","url":"/api/v9/sadjkbdsajfhlsjkdf/get-news-and-updates","params":{},"query":{},"body":{},"status":304,"ip":"::1"}
{"timestamp":"2026-04-20T09:29:57.999Z","method":"GET","url":"/api/v9/sadjkbdsajfhlsjkdf/member-profile-details","params":{},"query":{},"body":{},"status":200,"ip":"::1"}
{"timestamp":"2026-04-20T09:29:58.058Z","method":"GET","url":"/api/v9/sadjkbdsajfhlsjkdf/member-dashboard-business","params":{},"query":{},"body":{},"status":200,"ip":"::1"}
{"timestamp":"2026-04-20T09:29:58.108Z","method":"GET","url":"/api/v9/sadjkbdsajfhlsjkdf/member-profile-details","params":{},"query":{},"body":{},"status":304,"ip":"::1"}
{"timestamp":"2026-04-20T09:29:58.127Z","method":"GET","url":"/api/v9/sadjkbdsajfhlsjkdf/member-dashboard-details","params":{},"query":{},"body":{},"status":200,"ip":"::1"}
{"timestamp":"2026-04-20T09:30:02.615Z","method":"POST","url":"/api/v9/sadjkbdsajfhlsjkdf/member-payout-report","params":{},"query":{},"body":{"search":"","created_at":"","updated_at":"","page":1,"count":"10"},"status":200,"ip":"::1"}
{"timestamp":"2026-04-20T09:30:58.757Z","method":"GET","url":"/api/v9/sadjkbdsajfhlsjkdf/get-member-downline-tree","params":{},"query":{},"body":{},"status":200,"ip":"::1"}
{"timestamp":"2026-04-20T09:31:01.115Z","method":"GET","url":"/api/v9/sadjkbdsajfhlsjkdf/get-member-downline-tree?userId=93","params":{},"query":{"userId":"93"},"body":{},"status":200,"ip":"::1"}
{"timestamp":"2026-04-20T09:31:15.350Z","method":"POST","url":"/api/v9/sadjkbdsajfhlsjkdf/get-report-details","params":{},"query":{},"body":{"search":"","created_at":"","updated_at":"","page":1,"count":"10","sub_label":"TOPUP WALLET","main_label":"IN"},"status":200,"ip":"::1"}
{"timestamp":"2026-04-20T09:31:21.557Z","method":"POST","url":"/api/v9/sadjkbdsajfhlsjkdf/get-report-details","params":{},"query":{},"body":{"search":"","created_at":"","updated_at":"","page":1,"count":"10","sub_label":"FUND WALLET","main_label":"OUT"},"status":200,"ip":"::1"}
{"timestamp":"2026-04-20T09:31:44.379Z","method":"POST","url":"/api/v9/sadjkbdsajfhlsjkdf/get-report-details","params":{},"query":{},"body":{"search":"","created_at":"","updated_at":"","page":1,"count":"10","sub_label":"FUND WALLET","main_label":"IN"},"status":200,"ip":"::1"}
{"timestamp":"2026-04-20T09:34:50.626Z","method":"GET","url":"/api/v9/sadjkbdsajfhlsjkdf/member-profile-details","params":{},"query":{},"body":{},"status":304,"ip":"::1"}
{"timestamp":"2026-04-20T09:34:50.684Z","method":"POST","url":"/api/v9/sadjkbdsajfhlsjkdf/get-report-details","params":{},"query":{},"body":{"search":"","created_at":"","updated_at":"","page":1,"count":"10","sub_label":"FUND WALLET","main_label":"OUT"},"status":200,"ip":"::1"}
{"timestamp":"2026-04-20T09:34:50.697Z","method":"POST","url":"/api/v9/sadjkbdsajfhlsjkdf/member-details","params":{},"query":{},"body":{"search":"","created_at":"","updated_at":"","page":1,"count":10},"status":200,"ip":"::1"}
